[04:29:48.058][INFO]: Successfully injected RecipeFS file system
[04:29:48.096][INFO]: Successfully identified and loaded plugin crafttweaker:builtin
[04:29:48.097][INFO]: Successfully identified and loaded plugin crafttweaker:builtin_forge
[04:29:48.100][INFO]: Successfully identified and loaded plugin farmersdelight:crafttweaker_plugin
[04:29:48.997][INFO]: The following mods have explicit CraftTweaker support through the default plugin:
[04:29:49.077][INFO]: - 'aether' at version '1.19.2-1.4.2-forge'
[04:29:49.077][INFO]: - 'aquaculture' at version '1.19.2-2.4.17'
[04:29:49.077][INFO]: - 'crafttweaker' at version '10.1.55'
[04:29:49.077][INFO]: - 'farmersdelight' at version '1.19.2-1.2.4'
[04:29:49.078][INFO]: - 'gamestages' at version '11.1.4'
[04:29:49.078][INFO]: - 'itemstages' at version '5.1.4'
[04:30:06.205][INFO]: Started loading scripts for loader 'initialize'
[04:30:07.101][INFO]: Compiling and executing scripts
[04:30:07.186][INFO]: Successfully initialized modules [crafttweaker, expansions]
[04:30:07.396][INFO]: Execution for loader 'initialize' completed successfully
[04:30:22.684][INFO]: Started loading scripts for loader 'tags'
[04:30:22.724][INFO]: Compiling and executing scripts
[04:30:22.746][INFO]: Successfully initialized modules [crafttweaker, expansions]
[04:30:22.763][INFO]: Execution for loader 'tags' completed successfully
[04:30:29.782][INFO]: Started loading scripts for loader 'crafttweaker'
[04:30:29.811][INFO]: Compiling and executing scripts
[04:30:30.433][INFO]: Successfully initialized modules [mods, crafttweaker, expansions]
[04:30:30.455][INFO]: Execution for loader 'crafttweaker' completed successfully
